<?xml version="1.0" encoding="UTF-8"?>
<!-- Generated by org.testng.reporters.JUnitXMLReporter -->
<testsuite ignored="0" hostname="DESKTOP-4MEIVF5" failures="1" tests="17" name="Test" time="30.297" errors="0" timestamp="2023-02-26T13:45:47 EST">
  <testcase classname="dsalgo_Testscenarios.Tc_Login_datadriven" name="Skip_test" time="0.065">
    <skipped/>
  </testcase> <!-- Skip_test -->
  <testcase classname="dsalgo_Testscenarios.Tc_Login_datadriven" name="setup" time="0.007"/>
  <testcase classname="dsalgo_Testscenarios.Tc_Login_datadriven" name="opensign_inpage" time="1.081"/>
  <testcase classname="dsalgo_Testscenarios.Tc_Login_datadriven" name="loginDDT" time="1.641"/>
  <testcase classname="dsalgo_Testscenarios.Tc_Login_datadriven" name="loginDDT" time="1.471"/>
  <testcase classname="dsalgo_Testscenarios.Tc_Login_datadriven" name="loginDDT" time="1.624"/>
  <testcase classname="dsalgo_Testscenarios.Tc_Login_datadriven" name="logout" time="2.357">
    <failure type="java.lang.AssertionError" message="expected [true] but found [false]">
      <![CDATA[java.lang.AssertionError: expected [true] but found [false]
at dsalgo_Testscenarios.Tc_Login_datadriven.logout(Tc_Login_datadriven.java:86)
at java.base/java.util.ArrayList.forEach(ArrayList.java:1511)
... Removed 31 stack frames]]>
    </failure>
  </testcase> <!-- logout -->
  <testcase classname="dsalgo_Testscenarios.GraphTc_001" name="a_opensign_inpage" time="0.204"/>
  <testcase classname="dsalgo_Testscenarios.GraphTc_001" name="aa_loginDDT" time="1.713"/>
  <testcase classname="dsalgo_Testscenarios.GraphTc_001" name="b_graphpage" time="2.789"/>
  <testcase classname="dsalgo_Testscenarios.GraphTc_001" name="c_graphlink" time="2.089"/>
  <testcase classname="dsalgo_Testscenarios.GraphTc_001" name="c_graphlink" time="2.053"/>
  <testcase classname="dsalgo_Testscenarios.GraphTc_001" name="d_run" time="0.156"/>
  <testcase classname="dsalgo_Testscenarios.GraphTc_001" name="e_graphreprsntspage" time="0.727"/>
  <testcase classname="dsalgo_Testscenarios.GraphTc_001" name="f_graphrprnts" time="0.154"/>
  <testcase classname="dsalgo_Testscenarios.GraphTc_001" name="f_graphrprnts" time="0.201"/>
  <testcase classname="dsalgo_Testscenarios.GraphTc_001" name="g_run" time="0.308"/>
</testsuite> <!-- Test -->
